C166 COMPILER V7.57.0, SPEED                                                               04/25/2021 13:51:45 PAGE 1   


C166 COMPILER V7.57.0, COMPILATION OF MODULE SPEED
OBJECT MODULE PLACED IN .\obj\speed.obj
COMPILER INVOKED BY: C:\Keil_v5\C166\BIN\C166.EXE Hardward File\speed.c MODV2 BROWSE INCDIR(.\Include File) MODV2 DEBUG 
                    -PRINT(.\list\speed.lst) TABS(2) OBJECT(.\obj\speed.obj) 

 stmt lvl     source

    1         /***
    2         **当A10=1，CS=0，时，PWM计数有效，FPGA数据口输出数据。
    3         *  A2，A1，A0：
    4         *              001，spDATA1
    5         *          010，spDATA2
    6         *        011，spDATA3
    7         *        100，spDATA4
    8         ***/
    9         #include "MAIN.H"
   10         
   11         #define SPE1  1
   12         #define SPE2  2
   13         #define SPE3  3
   14         #define SPE4  4
   15         
   16         Speed_S SpeValue;
   17         
   18         
   19         //
   20         void DisableCpld(void)
   21         {
   22  1        CPLD_CS = 1;  
   23  1        A10 = 0;
   24  1      }
   25         
   26         void EnableCpld(void)
   27         {
   28  1        CPLD_CS = 0;       //A10为1，cs0为0
   29  1        A10 = 1;
   30  1      }
   31         
   32         void CPLDwriteAddr(ubyte addrId)
   33         {
   34  1        ubyte addr = 0;        
   35  1          
   36  1        DisableCpld();
   37  1      
   38  1      //  ADDR_IO_PORT_IN();  
   39  1        addr = (ubyte)IO_uwReadPort(P0);     
   40  1      //  
   41  1        addr = addr&0xf8;
   42  1        addr += addrId;
   43  1      //  ADDR_IO_PORT_OUT();   
   44  1        IO_vWritePort(P0, addr);
   45  1        EnableCpld();
   46  1      }
   47         
   48         uword speedCount(ubyte AddrId)
   49         {
   50  1        uword retValue = 0;
   51  1      
   52  1         DATA_IO_PORT_IN();   //d0-d7方向为输入
   53  1         ENABLE245();
   54  1         DATA_IN();
C166 COMPILER V7.57.0, SPEED                                                               04/25/2021 13:51:45 PAGE 2   

   55  1      
   56  1        CPLDwriteAddr(AddrId);
   57  1        retValue = (ubyte)IO_uwReadPort(P10);
   58  1        
   59  1        delay(30);
   60  1        DisableCpld();  
   61  1      
   62  1        return(retValue);
   63  1      }
   64         
   65         void GetAllSpeed()
   66         {
   67  1        SpeValue.Speed1Value = speedCount(SPE1);
   68  1        SpeValue.Speed2Value = speedCount(SPE2);
   69  1        SpeValue.Speed3Value = speedCount(SPE3);
   70  1        SpeValue.Speed4Value = speedCount(SPE4);
   71  1      }
   72         
   73         
   74         
   75         
   76         
   77         


MODULE INFORMATION:   INITIALIZED  UNINITIALIZED
  CODE SIZE        =         118     --------
  NEAR-CONST SIZE  =    --------     --------
  FAR-CONST SIZE   =    --------     --------
  HUGE-CONST SIZE  =    --------     --------
  XHUGE-CONST SIZE =    --------     --------
  NEAR-DATA SIZE   =           9     --------
  FAR-DATA SIZE    =    --------     --------
  XHUGE-DATA SIZE  =    --------     --------
  IDATA-DATA SIZE  =    --------     --------
  SDATA-DATA SIZE  =    --------     --------
  BDATA-DATA SIZE  =    --------     --------
  HUGE-DATA SIZE   =    --------     --------
  BIT SIZE         =    --------     --------
  INIT'L SIZE      =    --------     --------
END OF MODULE INFORMATION.


C166 COMPILATION COMPLETE.  0 WARNING(S),  0 ERROR(S)
