C166 COMPILER V7.53.0.0, USIC2                                                             07/29/2021 09:17:54 PAGE 1   


C166 COMPILER V7.53.0.0, COMPILATION OF MODULE USIC2
OBJECT MODULE PLACED IN .\obj\USIC2.obj
COMPILER INVOKED BY: D:\Program Files (x86)\Keil4\C166\BIN\C166.EXE USIC2.C MODV2 BROWSE INCDIR(.\Hardward File;.\User_A
                    -pp) MODV2 DEBUG PRINT(.\list\USIC2.lst) OBJECT(.\obj\USIC2.obj) 

 stmt lvl     source

    1         //****************************************************************************
    2         // @Module        USIC2
    3         // @Filename      USIC2.C
    4         // @Project       CF_EBCU.dav
    5         //----------------------------------------------------------------------------
    6         // @Controller    Infineon XE167FM-72F80
    7         //
    8         // @Compiler      Keil
    9         //
   10         // @Codegenerator 2.0
   11         //
   12         // @Description   This file contains functions that use the USIC2 module.
   13         //
   14         //----------------------------------------------------------------------------
   15         // @Date          2021/7/20 15:44:55
   16         //
   17         //****************************************************************************
   18         
   19         // USER CODE BEGIN (USIC2_General,1)
   20         
   21         // USER CODE END
   22         
   23         //****************************************************************************
   24         // @Project Includes
   25         //****************************************************************************
   26         
   27         #include "MAIN.H"
   28         
   29         // USER CODE BEGIN (USIC2_General,2)
   30         
   31         // USER CODE END
   32         
   33         
   34         //****************************************************************************
   35         // @Macros
   36         //****************************************************************************
   37         
   38         // USER CODE BEGIN (USIC2_General,3)
   39         
   40         // USER CODE END
   41         
   42         
   43         //****************************************************************************
   44         // @Defines
   45         //****************************************************************************
   46         
   47         // USER CODE BEGIN (USIC2_General,4)
   48         
   49         // USER CODE END
   50         
   51         
   52         //****************************************************************************
   53         // @Typedefs
   54         //****************************************************************************
C166 COMPILER V7.53.0.0, USIC2                                                             07/29/2021 09:17:54 PAGE 2   

   55         
   56         // USER CODE BEGIN (USIC2_General,5)
   57         
   58         // USER CODE END
   59         
   60         
   61         //****************************************************************************
   62         // @Imported Global Variables
   63         //****************************************************************************
   64         
   65         // USER CODE BEGIN (USIC2_General,6)
   66         
   67         // USER CODE END
   68         
   69         
   70         //****************************************************************************
   71         // @Global Variables
   72         //****************************************************************************
   73         
   74         // USER CODE BEGIN (USIC2_General,7)
   75         
   76         // USER CODE END
   77         
   78         
   79         //****************************************************************************
   80         // @External Prototypes
   81         //****************************************************************************
   82         
   83         // USER CODE BEGIN (USIC2_General,8)
   84         
   85         // USER CODE END
   86         
   87         
   88         //****************************************************************************
   89         // @Prototypes Of Local Functions
   90         //****************************************************************************
   91         
   92         // USER CODE BEGIN (USIC2_General,9)
   93         
   94         // USER CODE END
   95         
   96         
   97         //****************************************************************************
   98         // @Function      void USIC2_vInit(void) 
   99         //
  100         //----------------------------------------------------------------------------
  101         // @Description   This function initializes USIC2 Module
  102         //
  103         //----------------------------------------------------------------------------
  104         // @Returnvalue   None
  105         //
  106         //----------------------------------------------------------------------------
  107         // @Parameters    None
  108         //
  109         //----------------------------------------------------------------------------
  110         // @Date          2021/7/20
  111         //
  112         //****************************************************************************
  113         
  114         // USER CODE BEGIN (Init,1)
  115         
  116         // USER CODE END
C166 COMPILER V7.53.0.0, USIC2                                                             07/29/2021 09:17:54 PAGE 3   

  117         
  118         void USIC2_vInit(void)
  119         {
  120  1        // USER CODE BEGIN (Init,2)
  121  1      
  122  1        // USER CODE END
  123  1      
  124  1        //   -----------------------------------------------------------------------
  125  1        //   Initialization of USIC Peripherals:
  126  1        //   -----------------------------------------------------------------------
  127  1      
  128  1        ///  - USIC2 module clock = 80.00 MHz
  129  1      
  130  1        ///  -----------------------------------------------------------------------
  131  1        ///  Configuration of the U2C0 Kernel State Configuration:
  132  1        ///  -----------------------------------------------------------------------
  133  1      
  134  1        U2C0_KSCFG     =  0x0003;      // load U2C0 kernel state configuration 
  135  1                                       // register
  136  1      
  137  1        _nop_();  // one cycle delay 
  138  1      
  139  1        _nop_();  // one cycle delay 
  140  1      
  141  1        ///  -----------------------------------------------------------------------
  142  1        ///  Configuration of the U2C0 Channel Control Register (Mode & Interrupts):
  143  1        ///  -----------------------------------------------------------------------
  144  1        /// - The USIC channel is disabled
  145  1        /// - The parity generation is disabled
  146  1      
  147  1        U2C0_CCR       =  0x0000;      // load U0C0 channel control register
  148  1      
  149  1        //   initializes the Universal Serial Interface Channel (USIC) U2C0
  150  1      
  151  1        U2C0_SSC_vInit();
  152  1      
  153  1        ///  -----------------------------------------------------------------------
  154  1        ///  Configuration of the U2C0 Channel Control Register (Mode & Interrupts):
  155  1        ///  -----------------------------------------------------------------------
  156  1        ///  - SSC (SPI) Protocol is selected 
  157  1        ///  - The parity generation is disabled
  158  1        ///  - Transmit shift interrupt is enabled
  159  1      
  160  1        U2C0_CCR       =  0x1001;      // load U2C0 channel control register
  161  1      
  162  1      
  163  1        // USER CODE BEGIN (Init,3)
  164  1      
  165  1        // USER CODE END
  166  1      
  167  1      } //  End of function USIC2_vInit
  168         
  169         
  170         
  171         
  172         // USER CODE BEGIN (USIC2_General,10)
  173         
  174         // USER CODE END
  175         


MODULE INFORMATION:   INITIALIZED  UNINITIALIZED
C166 COMPILER V7.53.0.0, USIC2                                                             07/29/2021 09:17:54 PAGE 4   

  CODE SIZE        =          42     --------
  NEAR-CONST SIZE  =    --------     --------
  FAR-CONST SIZE   =    --------     --------
  HUGE-CONST SIZE  =    --------     --------
  XHUGE-CONST SIZE =    --------     --------
  NEAR-DATA SIZE   =           1     --------
  FAR-DATA SIZE    =    --------     --------
  XHUGE-DATA SIZE  =    --------     --------
  IDATA-DATA SIZE  =    --------     --------
  SDATA-DATA SIZE  =    --------     --------
  BDATA-DATA SIZE  =    --------     --------
  HUGE-DATA SIZE   =    --------     --------
  BIT SIZE         =    --------     --------
  INIT'L SIZE      =    --------     --------
END OF MODULE INFORMATION.


C166 COMPILATION COMPLETE.  0 WARNING(S),  0 ERROR(S)
