C166 COMPILER V7.53.0.0, WDT                                                               07/29/2021 09:17:56 PAGE 1   


C166 COMPILER V7.53.0.0, COMPILATION OF MODULE WDT
OBJECT MODULE PLACED IN .\obj\WDT.obj
COMPILER INVOKED BY: D:\Program Files (x86)\Keil4\C166\BIN\C166.EXE WDT.C MODV2 BROWSE INCDIR(.\Hardward File;.\User_App
                    -) MODV2 DEBUG PRINT(.\list\WDT.lst) OBJECT(.\obj\WDT.obj) 

 stmt lvl     source

    1         //****************************************************************************
    2         // @Module        Watchdog Timer (WDT)
    3         // @Filename      WDT.C
    4         // @Project       CF_EBCU.dav
    5         //----------------------------------------------------------------------------
    6         // @Controller    Infineon XE167FM-72F80
    7         //
    8         // @Compiler      Keil
    9         //
   10         // @Codegenerator 2.0
   11         //
   12         // @Description   This file contains functions that use the WDT module.
   13         //
   14         //----------------------------------------------------------------------------
   15         // @Date          2021/7/20 15:44:57
   16         //
   17         //****************************************************************************
   18         
   19         // USER CODE BEGIN (WDT_General,1)
   20         
   21         // USER CODE END
   22         
   23         
   24         
   25         //****************************************************************************
   26         // @Project Includes
   27         //****************************************************************************
   28         
   29         #include "MAIN.H"
   30         
   31         // USER CODE BEGIN (WDT_General,2)
   32         
   33         // USER CODE END
   34         
   35         
   36         //****************************************************************************
   37         // @Macros
   38         //****************************************************************************
   39         
   40         // USER CODE BEGIN (WDT_General,3)
   41         
   42         // USER CODE END
   43         
   44         
   45         //****************************************************************************
   46         // @Defines
   47         //****************************************************************************
   48         
   49         // USER CODE BEGIN (WDT_General,4)
   50         
   51         // USER CODE END
   52         
   53         
   54         //****************************************************************************
C166 COMPILER V7.53.0.0, WDT                                                               07/29/2021 09:17:56 PAGE 2   

   55         // @Typedefs
   56         //****************************************************************************
   57         
   58         // USER CODE BEGIN (WDT_General,5)
   59         
   60         // USER CODE END
   61         
   62         
   63         //****************************************************************************
   64         // @Imported Global Variables
   65         //****************************************************************************
   66         
   67         // USER CODE BEGIN (WDT_General,6)
   68         
   69         // USER CODE END
   70         
   71         
   72         //****************************************************************************
   73         // @Global Variables
   74         //****************************************************************************
   75         
   76         // USER CODE BEGIN (WDT_General,7)
   77         
   78         // USER CODE END
   79         
   80         
   81         //****************************************************************************
   82         // @External Prototypes
   83         //****************************************************************************
   84         
   85         // USER CODE BEGIN (WDT_General,8)
   86         
   87         // USER CODE END
   88         
   89         
   90         
   91         //****************************************************************************
   92         // @Prototypes Of Local Functions
   93         //****************************************************************************
   94         
   95         // USER CODE BEGIN (WDT_General,9)
   96         
   97         // USER CODE END
   98         
   99         
  100         //****************************************************************************
  101         // @Function      void WDT_vInit(void) 
  102         //
  103         //----------------------------------------------------------------------------
  104         // @Description   This is the initialization function of the WDT function 
  105         //                library. It is assumed that the SFRs used by this library 
  106         //                are in reset state. 
  107         //
  108         //----------------------------------------------------------------------------
  109         // @Returnvalue   None
  110         //
  111         //----------------------------------------------------------------------------
  112         // @Parameters    None
  113         //
  114         //----------------------------------------------------------------------------
  115         // @Date          2021/7/20
  116         //
C166 COMPILER V7.53.0.0, WDT                                                               07/29/2021 09:17:56 PAGE 3   

  117         //****************************************************************************
  118         
  119         // USER CODE BEGIN (Init,1)
  120         
  121         // USER CODE END
  122         
  123         void WDT_vInit(void)
  124         {
  125  1        // USER CODE BEGIN (Init,2)
  126  1      
  127  1        // USER CODE END
  128  1      
  129  1        ///  - DISWDT executable only until End Of Init
  130  1        ///  - the input frequency is Fin / 16384
  131  1        ///  - period in normal watchdog mode =  1.678 s
  132  1        ///  - period in time-out mode =  819.200 usec
  133  1      
  134  1        CPUCON1       |=  0x0000;      // CPU Control Register 1
  135  1        SCU_WDTREL     =  0xE000;      // WDT Reload Register
  136  1        SCU_WDTCS     |=  0x0000;      // WDT Control and Status Register
  137  1      
  138  1        SCU_INTDIS     =  0x0100;      // Interrupt Disable Register
  139  1        SCU_INTNP1     =  0x0000;      // Interrupt Node Pointer 1 Register
  140  1      
  141  1      
  142  1        // USER CODE BEGIN (Init,3)
  143  1      
  144  1        // USER CODE END
  145  1      
  146  1      } //  End of function WDT_vInit
  147         
  148         
  149         
  150         
  151         // USER CODE BEGIN (WDT_General,10)
  152         
  153         // USER CODE END
  154         


MODULE INFORMATION:   INITIALIZED  UNINITIALIZED
  CODE SIZE        =          24     --------
  NEAR-CONST SIZE  =    --------     --------
  FAR-CONST SIZE   =    --------     --------
  HUGE-CONST SIZE  =    --------     --------
  XHUGE-CONST SIZE =    --------     --------
  NEAR-DATA SIZE   =           1     --------
  FAR-DATA SIZE    =    --------     --------
  XHUGE-DATA SIZE  =    --------     --------
  IDATA-DATA SIZE  =    --------     --------
  SDATA-DATA SIZE  =    --------     --------
  BDATA-DATA SIZE  =    --------     --------
  HUGE-DATA SIZE   =    --------     --------
  BIT SIZE         =    --------     --------
  INIT'L SIZE      =    --------     --------
END OF MODULE INFORMATION.


C166 COMPILATION COMPLETE.  0 WARNING(S),  0 ERROR(S)
